TN:
SF:src/monitoring/index.js
FNF:0
FNH:0
DA:1,1
DA:2,1
DA:3,1
DA:4,1
DA:5,1
DA:7,1
DA:10,1
DA:17,1
DA:30,0
DA:31,0
DA:37,0
DA:38,0
DA:40,0
DA:41,0
DA:43,0
LF:15
LH:8
BRF:0
BRH:0
end_of_record
TN:
SF:src/monitoring/console/index.js
FN:4,(anonymous_0)
FN:8,(anonymous_1)
FN:11,(anonymous_2)
FN:14,(anonymous_3)
FN:17,(anonymous_4)
FNF:5
FNH:1
FNDA:1,(anonymous_0)
FNDA:0,(anonymous_1)
FNDA:0,(anonymous_2)
FNDA:0,(anonymous_3)
FNDA:0,(anonymous_4)
DA:1,2
DA:3,2
DA:5,1
DA:6,1
DA:9,0
DA:12,0
DA:15,0
DA:18,0
LF:8
LH:4
BRF:0
BRH:0
end_of_record
TN:
SF:src/monitoring/interface/base_log.js
FN:2,(anonymous_0)
FN:5,(anonymous_1)
FN:8,(anonymous_2)
FN:11,(anonymous_3)
FNF:4
FNH:0
FNDA:0,(anonymous_0)
FNDA:0,(anonymous_1)
FNDA:0,(anonymous_2)
FNDA:0,(anonymous_3)
DA:1,2
DA:3,0
DA:6,0
DA:9,0
DA:12,0
LF:5
LH:1
BRF:0
BRH:0
end_of_record
